\BOOKMARK [1][-]{section.1}{Introduction}{}% 1
\BOOKMARK [2][-]{subsection.1.1}{Radio Interferometry System}{section.1}% 2
\BOOKMARK [3][-]{subsubsection.1.1.1}{Earth's rotation and arbitrary large Number of Visibilities}{subsection.1.1}% 3
\BOOKMARK [2][-]{subsection.1.2}{The Image Reconstruction Problem}{section.1}% 4
\BOOKMARK [3][-]{subsubsection.1.2.1}{System of Linear Equations}{subsection.1.2}% 5
\BOOKMARK [3][-]{subsubsection.1.2.2}{Different Representations for the Image Reconstruction Problem}{subsection.1.2}% 6
\BOOKMARK [2][-]{subsection.1.3}{Solving the Image Reconstruction Problem: The Major/Minor Cycle architecture}{section.1}% 7
\BOOKMARK [3][-]{subsubsection.1.3.1}{The Gridder}{subsection.1.3}% 8
\BOOKMARK [3][-]{subsubsection.1.3.2}{Minor Cycle: CLEAN Deconvolutions}{subsection.1.3}% 9
\BOOKMARK [3][-]{subsubsection.1.3.3}{Why are there Major Cycles in the first place?}{subsection.1.3}% 10
\BOOKMARK [2][-]{subsection.1.4}{Distributing the Major and Minor Cycles}{section.1}% 11
\BOOKMARK [3][-]{subsubsection.1.4.1}{Compressed Sensing and the evolution of Priors}{subsection.1.4}% 12
\BOOKMARK [2][-]{subsection.1.5}{The Major Cycle Architecture}{section.1}% 13
\BOOKMARK [3][-]{subsubsection.1.5.1}{Minor Cycle}{subsection.1.5}% 14
\BOOKMARK [1][-]{section.2}{Distributing the Image Reconstruction}{}% 15
\BOOKMARK [2][-]{subsection.2.1}{Distributed Gridder: The IDG algorithm}{section.2}% 16
\BOOKMARK [2][-]{subsection.2.2}{Distributed Deconvolution: Coordinate Descent}{section.2}% 17
\BOOKMARK [1][-]{section.3}{Conclusion}{}% 18
\BOOKMARK [1][-]{section.4}{attachment}{}% 19
\BOOKMARK [1][-]{section.5}{Larger runtime costs for Compressed Sensing Reconstructions}{}% 20
\BOOKMARK [2][-]{subsection.5.1}{CLEAN: The Major Cycle Architecture}{section.5}% 21
\BOOKMARK [2][-]{subsection.5.2}{Compressed Sensing Architecture}{section.5}% 22
\BOOKMARK [2][-]{subsection.5.3}{Hypothesis for reducing costs of Compressed Sensing Algorithms}{section.5}% 23
\BOOKMARK [2][-]{subsection.5.4}{State of the art: WSCLEAN Software Package}{section.5}% 24
\BOOKMARK [3][-]{subsubsection.5.4.1}{W-Stacking Major Cycle}{subsection.5.4}% 25
\BOOKMARK [3][-]{subsubsection.5.4.2}{Deconvolution Algorithms}{subsection.5.4}% 26
\BOOKMARK [2][-]{subsection.5.5}{Distributing the Image Reconstruction}{section.5}% 27
\BOOKMARK [3][-]{subsubsection.5.5.1}{Distributing the Non-uniform FFT}{subsection.5.5}% 28
\BOOKMARK [3][-]{subsubsection.5.5.2}{Distributing the Deconvolution}{subsection.5.5}% 29
\BOOKMARK [1][-]{section.6}{Handling the Data Volume}{}% 30
\BOOKMARK [2][-]{subsection.6.1}{Fully distributed imaging algorithm}{section.6}% 31
\BOOKMARK [1][-]{section.7}{Image Reconstruction for Radio Interferometers}{}% 32
\BOOKMARK [2][-]{subsection.7.1}{Distributed Image Reconstruction}{section.7}% 33
\BOOKMARK [2][-]{subsection.7.2}{First steps towards a distributed Algorithm}{section.7}% 34
\BOOKMARK [1][-]{section.8}{Ehrlichkeitserkl\344rung}{}% 35
