This is pdfTeX, Version 3.14159265-2.6-1.40.20 (MiKTeX 2.9.7140 64-bit) (preloaded format=pdflatex 2019.9.18)  5 DEC 2019 10:50
entering extended mode
**./paper-draft.tex
(paper-draft.tex
LaTeX2e <2018-12-01>
("C:\Program Files\MiKTeX 2.9\tex/latex/base\article.cls"
Document Class: article 2018/09/03 v1.4i Standard LaTeX document class
("C:\Program Files\MiKTeX 2.9\tex/latex/base\size11.clo"
File: size11.clo 2018/09/03 v1.4i Standard LaTeX file (size option)
)
\c@part=\count80
\c@section=\count81
\c@subsection=\count82
\c@subsubsection=\count83
\c@paragraph=\count84
\c@subparagraph=\count85
\c@figure=\count86
\c@table=\count87
\abovecaptionskip=\skip41
\belowcaptionskip=\skip42
\bibindent=\dimen102
)
("C:\Program Files\MiKTeX 2.9\tex/latex/cite\cite.sty"
LaTeX Info: Redefining \cite on input line 302.
LaTeX Info: Redefining \nocite on input line 332.
Package: cite 2015/02/27  v 5.5
)
("C:\Program Files\MiKTeX 2.9\tex/latex/hyperref\hyperref.sty"
Package: hyperref 2019/09/12 v6.88i Hypertext links for LaTeX

("C:\Program Files\MiKTeX 2.9\tex/generic/oberdiek\hobsub-hyperref.sty"
Package: hobsub-hyperref 2016/05/16 v1.14 Bundle oberdiek, subset hyperref (HO)


("C:\Program Files\MiKTeX 2.9\tex/generic/oberdiek\hobsub-generic.sty"
Package: hobsub-generic 2016/05/16 v1.14 Bundle oberdiek, subset generic (HO)
Package: hobsub 2016/05/16 v1.14 Construct package bundles (HO)
Package: infwarerr 2016/05/16 v1.4 Providing info/warning/error messages (HO)
Package: ltxcmds 2016/05/16 v1.23 LaTeX kernel commands for general use (HO)
Package: ifluatex 2016/05/16 v1.4 Provides the ifluatex switch (HO)
Package ifluatex Info: LuaTeX not detected.
Package: ifvtex 2016/05/16 v1.6 Detect VTeX and its facilities (HO)
Package ifvtex Info: VTeX not detected.
Package: intcalc 2016/05/16 v1.2 Expandable calculations with integers (HO)
Package: ifpdf 2018/09/07 v3.3 Provides the ifpdf switch
Package: etexcmds 2016/05/16 v1.6 Avoid name clashes with e-TeX commands (HO)
Package: kvsetkeys 2016/05/16 v1.17 Key value parser (HO)
Package: kvdefinekeys 2016/05/16 v1.4 Define keys (HO)
Package: pdftexcmds 2019/07/25 v0.30 Utility functions of pdfTeX for LuaTeX (HO
)
Package pdftexcmds Info: LuaTeX not detected.
Package pdftexcmds Info: \pdf@primitive is available.
Package pdftexcmds Info: \pdf@ifprimitive is available.
Package pdftexcmds Info: \pdfdraftmode found.
Package: pdfescape 2016/05/16 v1.14 Implements pdfTeX's escape features (HO)
Package: bigintcalc 2016/05/16 v1.4 Expandable calculations on big integers (HO
)
Package: bitset 2016/05/16 v1.2 Handle bit-vector datatype (HO)
Package: uniquecounter 2016/05/16 v1.3 Provide unlimited unique counter (HO)
)
Package hobsub Info: Skipping package `hobsub' (already loaded).
Package: letltxmacro 2016/05/16 v1.5 Let assignment for LaTeX macros (HO)
Package: hopatch 2016/05/16 v1.3 Wrapper for package hooks (HO)
Package: xcolor-patch 2016/05/16 xcolor patch
Package: atveryend 2016/05/16 v1.9 Hooks at the very end of document (HO)
Package atveryend Info: \enddocument detected (standard20110627).
Package: atbegshi 2016/06/09 v1.18 At begin shipout hook (HO)
Package: refcount 2016/05/16 v3.5 Data extraction from label references (HO)
Package: hycolor 2016/05/16 v1.8 Color options for hyperref/bookmark (HO)
)
("C:\Program Files\MiKTeX 2.9\tex/latex/graphics\keyval.sty"
Package: keyval 2014/10/28 v1.15 key=value parser (DPC)
\KV@toks@=\toks14
)
("C:\Program Files\MiKTeX 2.9\tex/generic/ifxetex\ifxetex.sty"
Package: ifxetex 2010/09/12 v0.6 Provides ifxetex conditional
)
("C:\Program Files\MiKTeX 2.9\tex/latex/oberdiek\auxhook.sty"
Package: auxhook 2016/05/16 v1.4 Hooks for auxiliary files (HO)
)
("C:\Program Files\MiKTeX 2.9\tex/latex/oberdiek\kvoptions.sty"
Package: kvoptions 2016/05/16 v3.12 Key value format for package options (HO)
)
\@linkdim=\dimen103
\Hy@linkcounter=\count88
\Hy@pagecounter=\count89

("C:\Program Files\MiKTeX 2.9\tex/latex/hyperref\pd1enc.def"
File: pd1enc.def 2019/09/12 v6.88i Hyperref: PDFDocEncoding definition (HO)
Now handling font encoding PD1 ...
... no UTF-8 mapping file for font encoding PD1
)
\Hy@SavedSpaceFactor=\count90

("C:\Program Files\MiKTeX 2.9\tex/latex/00miktex\hyperref.cfg"
File: hyperref.cfg 2002/06/06 v1.2 hyperref configuration of TeXLive
)
Package hyperref Info: Hyper figures OFF on input line 4550.
Package hyperref Info: Link nesting OFF on input line 4555.
Package hyperref Info: Hyper index ON on input line 4558.
Package hyperref Info: Plain pages OFF on input line 4565.
Package hyperref Info: Backreferencing OFF on input line 4570.
Package hyperref Info: Implicit mode ON; LaTeX internals redefined.
Package hyperref Info: Bookmarks ON on input line 4803.
\c@Hy@tempcnt=\count91

("C:\Program Files\MiKTeX 2.9\tex/latex/url\url.sty"
\Urlmuskip=\muskip10
Package: url 2013/09/16  ver 3.4  Verb mode for urls, etc.
)
LaTeX Info: Redefining \url on input line 5156.
\XeTeXLinkMargin=\dimen104
\Fld@menulength=\count92
\Field@Width=\dimen105
\Fld@charsize=\dimen106
Package hyperref Info: Hyper figures OFF on input line 6411.
Package hyperref Info: Link nesting OFF on input line 6416.
Package hyperref Info: Hyper index ON on input line 6419.
Package hyperref Info: backreferencing OFF on input line 6426.
Package hyperref Info: Link coloring OFF on input line 6431.
Package hyperref Info: Link coloring with OCG OFF on input line 6436.
Package hyperref Info: PDF/A mode OFF on input line 6441.
LaTeX Info: Redefining \ref on input line 6481.
LaTeX Info: Redefining \pageref on input line 6485.
\Hy@abspage=\count93
\c@Item=\count94
\c@Hfootnote=\count95
)
Package hyperref Info: Driver (autodetected): hpdftex.

("C:\Program Files\MiKTeX 2.9\tex/latex/hyperref\hpdftex.def"
File: hpdftex.def 2019/09/12 v6.88i Hyperref driver for pdfTeX
\Fld@listcount=\count96
\c@bookmark@seq@number=\count97

("C:\Program Files\MiKTeX 2.9\tex/latex/oberdiek\rerunfilecheck.sty"
Package: rerunfilecheck 2016/05/16 v1.8 Rerun checks for auxiliary files (HO)
Package uniquecounter Info: New unique counter `rerunfilecheck' on input line 2
82.
)
\Hy@SectionHShift=\skip43
)
("C:\Program Files\MiKTeX 2.9\tex/latex/natbib\natbib.sty"
Package: natbib 2010/09/13 8.31b (PWD, AO)


Package natbib Warning: The `cite' package should not be used
(natbib)                with natbib. Use option `sort' instead.

\bibhang=\skip44
\bibsep=\skip45
LaTeX Info: Redefining \cite on input line 694.
LaTeX Info: Redefining \citenum on input line 708.
\c@NAT@ctr=\count98
) ("C:\Program Files\MiKTeX 2.9\tex/latex/wrapfig\wrapfig.sty"
\wrapoverhang=\dimen107
\WF@size=\dimen108
\c@WF@wrappedlines=\count99
\WF@box=\box27
\WF@everypar=\toks15
Package: wrapfig 2003/01/31  v 3.6
)
("C:\Program Files\MiKTeX 2.9\tex/latex/amsmath\amsmath.sty"
Package: amsmath 2018/12/01 v2.17b AMS math features
\@mathmargin=\skip46

For additional information on amsmath, use the `?' option.
("C:\Program Files\MiKTeX 2.9\tex/latex/amsmath\amstext.sty"
Package: amstext 2000/06/29 v2.01 AMS text

("C:\Program Files\MiKTeX 2.9\tex/latex/amsmath\amsgen.sty"
File: amsgen.sty 1999/11/30 v2.0 generic functions
\@emptytoks=\toks16
\ex@=\dimen109
))
("C:\Program Files\MiKTeX 2.9\tex/latex/amsmath\amsbsy.sty"
Package: amsbsy 1999/11/29 v1.2d Bold Symbols
\pmbraise@=\dimen110
)
("C:\Program Files\MiKTeX 2.9\tex/latex/amsmath\amsopn.sty"
Package: amsopn 2016/03/08 v2.02 operator names
)
\inf@bad=\count100
LaTeX Info: Redefining \frac on input line 223.
\uproot@=\count101
\leftroot@=\count102
LaTeX Info: Redefining \overline on input line 385.
\classnum@=\count103
\DOTSCASE@=\count104
LaTeX Info: Redefining \ldots on input line 482.
LaTeX Info: Redefining \dots on input line 485.
LaTeX Info: Redefining \cdots on input line 606.
\Mathstrutbox@=\box28
\strutbox@=\box29
\big@size=\dimen111
LaTeX Font Info:    Redeclaring font encoding OML on input line 729.
LaTeX Font Info:    Redeclaring font encoding OMS on input line 730.
\macc@depth=\count105
\c@MaxMatrixCols=\count106
\dotsspace@=\muskip11
\c@parentequation=\count107
\dspbrk@lvl=\count108
\tag@help=\toks17
\row@=\count109
\column@=\count110
\maxfields@=\count111
\andhelp@=\toks18
\eqnshift@=\dimen112
\alignsep@=\dimen113
\tagshift@=\dimen114
\tagwidth@=\dimen115
\totwidth@=\dimen116
\lineht@=\dimen117
\@envbody=\toks19
\multlinegap=\skip47
\multlinetaggap=\skip48
\mathdisplay@stack=\toks20
LaTeX Info: Redefining \[ on input line 2844.
LaTeX Info: Redefining \] on input line 2845.
)
("C:\Program Files\MiKTeX 2.9\tex/latex/amsfonts\amsfonts.sty"
Package: amsfonts 2013/01/14 v3.01 Basic AMSFonts support
\symAMSa=\mathgroup4
\symAMSb=\mathgroup5
LaTeX Font Info:    Overwriting math alphabet `\mathfrak' in version `bold'
(Font)                  U/euf/m/n --> U/euf/b/n on input line 106.
)
("C:\Program Files\MiKTeX 2.9\tex/latex/amsfonts\amssymb.sty"
Package: amssymb 2013/01/14 v3.01 AMS font symbols
)
("C:\Program Files\MiKTeX 2.9\tex/latex/amscls\amsthm.sty"
Package: amsthm 2017/10/31 v2.20.4
\thm@style=\toks21
\thm@bodyfont=\toks22
\thm@headfont=\toks23
\thm@notefont=\toks24
\thm@headpunct=\toks25
\thm@preskip=\skip49
\thm@postskip=\skip50
\thm@headsep=\skip51
\dth@everypar=\toks26
)
("C:\Program Files\MiKTeX 2.9\tex/latex/ulem\ulem.sty"
\UL@box=\box30
\UL@hyphenbox=\box31
\UL@skip=\skip52
\UL@hook=\toks27
\UL@height=\dimen118
\UL@pe=\count112
\UL@pixel=\dimen119
\ULC@box=\box32
Package: ulem 2012/05/18
\ULdepth=\dimen120
)
("C:\Program Files\MiKTeX 2.9\tex/latex/tools\bm.sty"
Package: bm 2017/01/16 v1.2c Bold Symbol Support (DPC/FMi)
\symboldoperators=\mathgroup6
\symboldletters=\mathgroup7
\symboldsymbols=\mathgroup8
LaTeX Font Info:    Redeclaring math alphabet \mathbf on input line 141.
LaTeX Info: Redefining \bm on input line 207.
)
("C:\Program Files\MiKTeX 2.9\tex/latex/stmaryrd\stmaryrd.sty"
Package: stmaryrd 1994/03/03 St Mary's Road symbol package
\symstmry=\mathgroup9
LaTeX Font Info:    Overwriting symbol font `stmry' in version `bold'
(Font)                  U/stmry/m/n --> U/stmry/b/n on input line 89.
)
("C:\Program Files\MiKTeX 2.9\tex/latex/base\inputenc.sty"
Package: inputenc 2018/08/11 v1.3c Input encoding file
\inpenc@prehook=\toks28
\inpenc@posthook=\toks29

("C:\Program Files\MiKTeX 2.9\tex/latex/ucs\utf8x.def"
File: utf8x.def 2004/10/17 UCS: Input encoding UTF-8
))
("C:\Program Files\MiKTeX 2.9\tex/latex/ucs\ucs.sty"
Package: ucs 2013/05/11 v2.2 UCS: Unicode input support

("C:\Program Files\MiKTeX 2.9\tex/latex/ucs\uni-global.def"
File: uni-global.def 2013/05/13 UCS: Unicode global data
)
\uc@secondtry=\count113
\uc@combtoks=\toks30
\uc@combtoksb=\toks31
\uc@temptokena=\toks32
)
("C:\Program Files\MiKTeX 2.9\tex/latex/fancyhdr\fancyhdr.sty"
Package: fancyhdr 2019/01/31 v3.10 Extensive control of page headers and footer
s
\f@nch@headwidth=\skip53
\f@nch@O@elh=\skip54
\f@nch@O@erh=\skip55
\f@nch@O@olh=\skip56
\f@nch@O@orh=\skip57
\f@nch@O@elf=\skip58
\f@nch@O@erf=\skip59
\f@nch@O@olf=\skip60
\f@nch@O@orf=\skip61
)
("C:\Program Files\MiKTeX 2.9\tex/latex/graphics\graphicx.sty"
Package: graphicx 2017/06/01 v1.1a Enhanced LaTeX Graphics (DPC,SPQR)

("C:\Program Files\MiKTeX 2.9\tex/latex/graphics\graphics.sty"
Package: graphics 2017/06/25 v1.2c Standard LaTeX Graphics (DPC,SPQR)

("C:\Program Files\MiKTeX 2.9\tex/latex/graphics\trig.sty"
Package: trig 2016/01/03 v1.10 sin cos tan (DPC)
)
("C:\Program Files\MiKTeX 2.9\tex/latex/graphics-cfg\graphics.cfg"
File: graphics.cfg 2016/06/04 v1.11 sample graphics configuration
)
Package graphics Info: Driver file: pdftex.def on input line 99.

("C:\Program Files\MiKTeX 2.9\tex/latex/graphics-def\pdftex.def"
File: pdftex.def 2018/01/08 v1.0l Graphics/color driver for pdftex
))
\Gin@req@height=\dimen121
\Gin@req@width=\dimen122
)
("C:\Program Files\MiKTeX 2.9\tex/latex/caption\subcaption.sty"
Package: subcaption 2019/09/01 v1.3a Sub-captions (AR)

("C:\Program Files\MiKTeX 2.9\tex/latex/caption\caption.sty"
Package: caption 2019/09/01 v3.3d Customizing captions (AR)

("C:\Program Files\MiKTeX 2.9\tex/latex/caption\caption3.sty"
Package: caption3 2019/09/01 v1.8d caption3 kernel (AR)
Package caption3 Info: TeX engine: e-TeX on input line 64.
\captionmargin=\dimen123
\captionmargin@=\dimen124
\captionwidth=\dimen125
\caption@tempdima=\dimen126
\caption@indent=\dimen127
\caption@parindent=\dimen128
\caption@hangindent=\dimen129
)
\c@caption@flags=\count114
\c@ContinuedFloat=\count115
Package caption Info: hyperref package is loaded.
Package caption Info: wrapfig package is loaded.
)
\c@subfigure=\count116
\c@subtable=\count117
)
("C:\Program Files\MiKTeX 2.9\tex/latex/psnfss\helvet.sty"
Package: helvet 2005/04/12 PSNFSS-v9.2a (WaS) 
)
("C:\Program Files\MiKTeX 2.9\tex/latex/enumitem\enumitem.sty"
Package: enumitem 2019/06/20 v3.9 Customized lists
\labelindent=\skip62
\enit@outerparindent=\dimen130
\enit@toks=\toks33
\enit@inbox=\box33
\enit@count@id=\count118
\enitdp@description=\count119
)
("C:\Program Files\MiKTeX 2.9\tex/latex/parskip\parskip.sty"
Package: parskip 2019-01-16 v2.0c non-zero parskip adjustments

("C:\Program Files\MiKTeX 2.9\tex/latex/etoolbox\etoolbox.sty"
Package: etoolbox 2019/09/09 v2.5g e-TeX tools for LaTeX (JAW)
\etb@tempcnta=\count120
))
("C:\Program Files\MiKTeX 2.9\tex/latex/geometry\geometry.sty"
Package: geometry 2018/04/16 v5.8 Page Geometry
\Gm@cnth=\count121
\Gm@cntv=\count122
\c@Gm@tempcnt=\count123
\Gm@bindingoffset=\dimen131
\Gm@wd@mp=\dimen132
\Gm@odd@mp=\dimen133
\Gm@even@mp=\dimen134
\Gm@layoutwidth=\dimen135
\Gm@layoutheight=\dimen136
\Gm@layouthoffset=\dimen137
\Gm@layoutvoffset=\dimen138
\Gm@dimlist=\toks34

("C:\Program Files\MiKTeX 2.9\tex/latex/geometry\geometry.cfg"))
("C:\Program Files\MiKTeX 2.9\tex/latex/lastpage\lastpage.sty"
Package: lastpage 2015/03/29 v1.2m Refers to last page's name (HMM; JPG)
)
("C:\Program Files\MiKTeX 2.9\tex/latex/setspace\setspace.sty"
Package: setspace 2011/12/19 v6.7a set line spacing
)
("C:\Program Files\MiKTeX 2.9\tex/latex/acronym\acronym.sty"
Package: acronym 2015/03/21 v1.41 Support for acronyms (Tobias Oetiker)

("C:\Program Files\MiKTeX 2.9\tex/latex/bigfoot\suffix.sty"
Package: suffix 2006/07/15 1.5a Variant command support
)
("C:\Program Files\MiKTeX 2.9\tex/latex/xstring\xstring.sty"
("C:\Program Files\MiKTeX 2.9\tex/generic/xstring\xstring.tex"
\integerpart=\count124
\decimalpart=\count125
)
Package: xstring 2019/02/06 v1.83 String manipulations (CT)
)
\AC@clearlist=\toks35
)
("C:\Program Files\MiKTeX 2.9\tex/latex/tools\multicol.sty"
Package: multicol 2018/12/27 v1.8v multicolumn formatting (FMi)
\c@tracingmulticols=\count126


Package multicol Warning: May not work with the twocolumn option on input line 
141.

\mult@box=\box34
\multicol@leftmargin=\dimen139
\c@unbalance=\count127
\c@collectmore=\count128
\doublecol@number=\count129
\multicoltolerance=\count130
\multicolpretolerance=\count131
\full@width=\dimen140
\page@free=\dimen141
\premulticols=\dimen142
\postmulticols=\dimen143
\multicolsep=\skip63
\multicolbaselineskip=\skip64
\partial@page=\box35
\last@line=\box36
\maxbalancingoverflow=\dimen144
\mult@rightbox=\box37
\mult@grightbox=\box38
\mult@gfirstbox=\box39
\mult@firstbox=\box40
\@tempa=\box41
\@tempa=\box42
\@tempa=\box43
\@tempa=\box44
\@tempa=\box45
\@tempa=\box46
\@tempa=\box47
\@tempa=\box48
\@tempa=\box49
\@tempa=\box50
\@tempa=\box51
\@tempa=\box52
\@tempa=\box53
\@tempa=\box54
\@tempa=\box55
\@tempa=\box56
\@tempa=\box57
\c@columnbadness=\count132
\c@finalcolumnbadness=\count133
\last@try=\dimen145
\multicolovershoot=\dimen146
\multicolundershoot=\dimen147
\mult@nat@firstbox=\box58
\colbreak@box=\box59
\mc@col@check@num=\count134
) ("C:\Program Files\MiKTeX 2.9\tex/latex/graphics\color.sty"
Package: color 2016/07/10 v1.1e Standard LaTeX Color (DPC)

("C:\Program Files\MiKTeX 2.9\tex/latex/graphics-cfg\color.cfg"
File: color.cfg 2016/01/02 v1.6 sample color configuration
)
Package color Info: Driver file: pdftex.def on input line 147.
)
("C:\Program Files\MiKTeX 2.9\tex/latex/xcolor\xcolor.sty"
Package: xcolor 2016/05/11 v2.12 LaTeX color extensions (UK)

("C:\Program Files\MiKTeX 2.9\tex/latex/graphics-cfg\color.cfg"
File: color.cfg 2016/01/02 v1.6 sample color configuration
)
Package xcolor Info: Driver file: pdftex.def on input line 225.
LaTeX Info: Redefining \color on input line 709.
Package xcolor Info: Model `cmy' substituted by `cmy0' on input line 1348.
Package xcolor Info: Model `hsb' substituted by `rgb' on input line 1352.
Package xcolor Info: Model `RGB' extended on input line 1364.
Package xcolor Info: Model `HTML' substituted by `rgb' on input line 1366.
Package xcolor Info: Model `Hsb' substituted by `hsb' on input line 1367.
Package xcolor Info: Model `tHsb' substituted by `hsb' on input line 1368.
Package xcolor Info: Model `HSB' substituted by `hsb' on input line 1369.
Package xcolor Info: Model `Gray' substituted by `gray' on input line 1370.
Package xcolor Info: Model `wave' substituted by `hsb' on input line 1371.
)
("C:\Program Files\MiKTeX 2.9\tex/latex/listings\listings.sty"
\lst@mode=\count135
\lst@gtempboxa=\box60
\lst@token=\toks36
\lst@length=\count136
\lst@currlwidth=\dimen148
\lst@column=\count137
\lst@pos=\count138
\lst@lostspace=\dimen149
\lst@width=\dimen150
\lst@newlines=\count139
\lst@lineno=\count140
\lst@maxwidth=\dimen151

("C:\Program Files\MiKTeX 2.9\tex/latex/listings\lstmisc.sty"
File: lstmisc.sty 2019/09/10 1.8c (Carsten Heinz)
\c@lstnumber=\count141
\lst@skipnumbers=\count142
\lst@framebox=\box61
)
("C:\Program Files\MiKTeX 2.9\tex/latex/listings\listings.cfg"
File: listings.cfg 2019/09/10 1.8c listings configuration
))
Package: listings 2019/09/10 1.8c (Carsten Heinz)

("C:\Program Files\MiKTeX 2.9\tex/latex/listings\lstlang1.sty"
File: lstlang1.sty 2019/09/10 1.8c listings language file
)
\twosubht=\skip65
\twosubbox=\box62

(paper-draft.aux)
\openout1 = `paper-draft.aux'.

LaTeX Font Info:    Checking defaults for OML/cmm/m/it on input line 122.
LaTeX Font Info:    ... okay on input line 122.
LaTeX Font Info:    Checking defaults for T1/cmr/m/n on input line 122.
LaTeX Font Info:    ... okay on input line 122.
LaTeX Font Info:    Checking defaults for OT1/cmr/m/n on input line 122.
LaTeX Font Info:    ... okay on input line 122.
LaTeX Font Info:    Checking defaults for OMS/cmsy/m/n on input line 122.
LaTeX Font Info:    ... okay on input line 122.
LaTeX Font Info:    Checking defaults for OMX/cmex/m/n on input line 122.
LaTeX Font Info:    ... okay on input line 122.
LaTeX Font Info:    Checking defaults for U/cmr/m/n on input line 122.
LaTeX Font Info:    ... okay on input line 122.
LaTeX Font Info:    Checking defaults for PD1/pdf/m/n on input line 122.
LaTeX Font Info:    ... okay on input line 122.
LaTeX Font Info:    Try loading font information for OT1+phv on input line 122.

 ("C:\Program Files\MiKTeX 2.9\tex/latex/psnfss\ot1phv.fd"
File: ot1phv.fd 2001/06/04 scalable font definitions for OT1/phv.
)
LaTeX Font Info:    Font shape `OT1/phv/m/n' will be
(Font)              scaled to size 10.07397pt on input line 122.
\AtBeginShipoutBox=\box63
Package hyperref Info: Link coloring OFF on input line 122.

("C:\Program Files\MiKTeX 2.9\tex/latex/hyperref\nameref.sty"
Package: nameref 2019/09/12 v2.45 Cross-referencing by name of section

("C:\Program Files\MiKTeX 2.9\tex/generic/oberdiek\gettitlestring.sty"
Package: gettitlestring 2016/05/16 v1.5 Cleanup title references (HO)
)
\c@section@level=\count143
)
LaTeX Info: Redefining \ref on input line 122.
LaTeX Info: Redefining \pageref on input line 122.
LaTeX Info: Redefining \nameref on input line 122.

(paper-draft.out) (paper-draft.out)
\@outlinefile=\write3
\openout3 = `paper-draft.out'.


("C:\Program Files\MiKTeX 2.9\tex/latex/ucs\ucsencs.def"
File: ucsencs.def 2011/01/21 Fixes to fontencodings LGR, T3
)
("C:\Program Files\MiKTeX 2.9\tex/context/base/mkii\supp-pdf.mkii"
[Loading MPS to PDF converter (version 2006.09.02).]
\scratchcounter=\count144
\scratchdimen=\dimen152
\scratchbox=\box64
\nofMPsegments=\count145
\nofMParguments=\count146
\everyMPshowfont=\toks37
\MPscratchCnt=\count147
\MPscratchDim=\dimen153
\MPnumerator=\count148
\makeMPintoPDFobject=\count149
\everyMPtoPDFconversion=\toks38
) ("C:\Program Files\MiKTeX 2.9\tex/latex/oberdiek\epstopdf-base.sty"
Package: epstopdf-base 2016/05/15 v2.6 Base part for package epstopdf

("C:\Program Files\MiKTeX 2.9\tex/latex/oberdiek\grfext.sty"
Package: grfext 2016/05/16 v1.2 Manage graphics extensions (HO)
)
Package epstopdf-base Info: Redefining graphics rule for `.eps' on input line 4
38.
Package grfext Info: Graphics extension search list:
(grfext)             [.pdf,.png,.jpg,.mps,.jpeg,.jbig2,.jb2,.PDF,.PNG,.JPG,.JPE
G,.JBIG2,.JB2,.eps]
(grfext)             \AppendGraphicsExtensions on input line 456.
)
Package caption Info: Begin \AtBeginDocument code.
Package caption Info: listings package is loaded.
Package caption Info: End \AtBeginDocument code.

*geometry* driver: auto-detecting
*geometry* detected driver: pdftex
*geometry* verbose mode - [ preamble ] result:
* driver: pdftex
* paper: a4paper
* layout: <same size as paper>
* layoutoffset:(h,v)=(0.0pt,0.0pt)
* modes: 
* h-part:(L,W,R)=(89.62709pt, 418.25368pt, 89.6271pt)
* v-part:(T,H,B)=(56.9055pt, 686.7347pt, 101.40665pt)
* \paperwidth=597.50787pt
* \paperheight=845.04684pt
* \textwidth=483.69684pt
* \textheight=686.7347pt
* \oddsidemargin=-14.22636pt
* \evensidemargin=17.3571pt
* \topmargin=-52.36449pt
* \headheight=12.0pt
* \headsep=25.0pt
* \topskip=11.0pt
* \footskip=30.0pt
* \marginparwidth=4.0pt
* \marginparsep=10.0pt
* \columnsep=28.45274pt
* \skip\footins=10.0pt plus 4.0pt minus 2.0pt
* \hoffset=0.0pt
* \voffset=0.0pt
* \mag=1000
* \@twocolumntrue
* \@twosidefalse
* \@mparswitchfalse
* \@reversemarginfalse
* (1in=72.27pt=25.4mm, 1cm=28.453pt)

Package lastpage Info: Please have a look at the pageslts package at
(lastpage)             https://www.ctan.org/pkg/pageslts
(lastpage)             ! on input line 122.
\c@lstlisting=\count150
LaTeX Font Info:    Font shape `OT1/phv/m/n' will be
(Font)              scaled to size 15.89755pt on input line 128.
LaTeX Font Info:    Font shape `OT1/phv/m/n' will be
(Font)              scaled to size 11.03998pt on input line 128.
LaTeX Font Info:    Try loading font information for U+msa on input line 128.
("C:\Program Files\MiKTeX 2.9\tex/latex/amsfonts\umsa.fd"
File: umsa.fd 2013/01/14 v3.01 AMS symbols A
)
LaTeX Font Info:    Try loading font information for U+msb on input line 128.

("C:\Program Files\MiKTeX 2.9\tex/latex/amsfonts\umsb.fd"
File: umsb.fd 2013/01/14 v3.01 AMS symbols B
)
LaTeX Font Info:    Try loading font information for U+stmry on input line 128.


("C:\Program Files\MiKTeX 2.9\tex/latex/stmaryrd\ustmry.fd") [0


{C:/Users/Jon/AppData/Local/MiKTeX/2.9/pdftex/config/pdftex.map}] (01.intro/int
ro.tex
LaTeX Font Info:    Font shape `OT1/phv/m/n' will be
(Font)              scaled to size 13.24796pt on input line 1.
LaTeX Font Info:    Font shape `OT1/phv/bx/n' in size <14.4> not available
(Font)              Font shape `OT1/phv/b/n' tried instead on input line 1.
LaTeX Font Info:    Font shape `OT1/phv/b/n' will be
(Font)              scaled to size 13.24796pt on input line 1.

("C:\Program Files\MiKTeX 2.9\tex/latex/ucs\uni-0.def"
File: uni-0.def 2013/05/13 UCS: Unicode data U+0000..U+00FF
)) (chapters/03.cd/cd.tex
Underfull \hbox (badness 10000) in paragraph at lines 2--1
\OT1/phv/m/n/10.95 asdfadsfjdaklkjdfklafjklasdfjd[]oklafkjaklvmadfklvnak
 []


Overfull \hbox (127.56226pt too wide) in paragraph at lines 2--1
\OT1/phv/m/n/10.95 adlkf-nad[]ol[]ofdsklafjdklfasdlfkdjsflakjsdfkldfjadklsfjads
klfjsdfkladjsflkdfjklsdafjsdklfj
 []


Underfull \hbox (badness 10000) in paragraph at lines 2--1

 []


Underfull \hbox (badness 1237) in paragraph at lines 3--3
[]\OT1/phv/b/n/14.4 Coordinate de-scent de-con-vo-lu-
 []

LaTeX Font Info:    Font shape `OT1/phv/bx/n' in size <10.95> not available
(Font)              Font shape `OT1/phv/b/n' tried instead on input line 8.
LaTeX Font Info:    Font shape `OT1/phv/b/n' will be
(Font)              scaled to size 10.07397pt on input line 8.

LaTeX Warning: Reference `pcdm' on page 1 undefined on input line 8.


Overfull \hbox (8.52846pt too wide) detected at line 14
[] [] [][] \OT1/cmr/m/n/10.95 + \OML/cmm/m/it/10.95 ElasticNet\OT1/cmr/m/n/10.
95 (\OML/cmm/m/it/10.95 x\OT1/cmr/m/n/10.95 )
 []

LaTeX Font Info:    Font shape `OT1/phv/bx/n' in size <12> not available
(Font)              Font shape `OT1/phv/b/n' tried instead on input line 21.
LaTeX Font Info:    Font shape `OT1/phv/b/n' will be
(Font)              scaled to size 11.03998pt on input line 21.
<./chapters/03.CD/L1.png, id=75, 450.18187pt x 450.18187pt>
File: ./chapters/03.CD/L1.png Graphic file (type png)
<use ./chapters/03.CD/L1.png>
Package pdftex.def Info: ./chapters/03.CD/L1.png  used on input line 27.
(pdftex.def)             Requested size: 91.04742pt x 91.04454pt.
LaTeX Font Info:    Font shape `OT1/phv/m/it' in size <10.95> not available
(Font)              Font shape `OT1/phv/m/sl' tried instead on input line 28.
LaTeX Font Info:    Font shape `OT1/phv/m/sl' will be
(Font)              scaled to size 10.07397pt on input line 28.
LaTeX Font Info:    Font shape `OT1/phv/m/it' in size <10> not available
(Font)              Font shape `OT1/phv/m/sl' tried instead on input line 28.
LaTeX Font Info:    Font shape `OT1/phv/m/sl' will be
(Font)              scaled to size 9.19998pt on input line 28.
<./chapters/03.CD/L2.png, id=77, 450.18187pt x 450.18187pt>
File: ./chapters/03.CD/L2.png Graphic file (type png)
<use ./chapters/03.CD/L2.png>
Package pdftex.def Info: ./chapters/03.CD/L2.png  used on input line 32.
(pdftex.def)             Requested size: 91.04742pt x 91.04454pt.

Underfull \hbox (badness 1215) in paragraph at lines 44--45
\OT1/phv/m/n/10.95 re-con-struc-tion al-go-rithms in ra-dio astronomy[[]],
 []

<./fhnw_ht_e_10mm.jpg, id=79, 297.39105pt x 28.47438pt>
File: ./fhnw_ht_e_10mm.jpg Graphic file (type jpg)
<use ./fhnw_ht_e_10mm.jpg>
Package pdftex.def Info: ./fhnw_ht_e_10mm.jpg  used on input line 47.
(pdftex.def)             Requested size: 237.91316pt x 22.77951pt.

Package Fancyhdr Warning: \headheight is too small (12.0pt): 
Make it at least 26.85954pt.
We now make it that large for the rest of the document.
This may cause the page layout to be inconsistent, however.

[1

 <./fhnw_ht_e_10mm.jpg> <./chapters/03.CD/L1.png> <./chapters/03.CD/L2.png>]
Overfull \hbox (3.55843pt too wide) detected at line 60
\OML/cmm/m/it/10.95 ElasticNetProximal\OT1/cmr/m/n/10.95 (\OML/cmm/m/it/10.95 x
; ; \OT1/cmr/m/n/10.95 ) =  []
 []

<./chapters/03.cd/simulated/dirty.png, id=111, 289.08pt x 289.08pt>
File: ./chapters/03.cd/simulated/dirty.png Graphic file (type png)
<use ./chapters/03.cd/simulated/dirty.png>
Package pdftex.def Info: ./chapters/03.cd/simulated/dirty.png  used on input li
ne 77.
(pdftex.def)             Requested size: 68.2873pt x 68.28835pt.
<./chapters/03.cd/simulated/psf.png, id=113, 289.08pt x 289.08pt>
File: ./chapters/03.cd/simulated/psf.png Graphic file (type png)
<use ./chapters/03.cd/simulated/psf.png>
Package pdftex.def Info: ./chapters/03.cd/simulated/psf.png  used on input line
 82.
(pdftex.def)             Requested size: 68.2873pt x 68.28835pt.
<./chapters/03.cd/simulated/elasticNet.png, id=115, 289.08pt x 289.08pt>
File: ./chapters/03.cd/simulated/elasticNet.png Graphic file (type png)
<use ./chapters/03.cd/simulated/elasticNet.png>
Package pdftex.def Info: ./chapters/03.cd/simulated/elasticNet.png  used on inp
ut line 87.
(pdftex.def)             Requested size: 68.2873pt x 68.28835pt.
LaTeX Font Info:    Font shape `OT1/phv/m/n' will be
(Font)              scaled to size 7.35999pt on input line 96.
LaTeX Font Info:    Font shape `OT1/phv/m/n' will be
(Font)              scaled to size 8.27998pt on input line 96.
LaTeX Font Info:    Font shape `OT1/phv/m/n' will be
(Font)              scaled to size 5.51999pt on input line 96.
LaTeX Font Info:    Font shape `OT1/phv/bx/n' in size <9> not available
(Font)              Font shape `OT1/phv/b/n' tried instead on input line 96.
LaTeX Font Info:    Font shape `OT1/phv/b/n' will be
(Font)              scaled to size 8.27998pt on input line 96.

LaTeX Warning: Reference `pcdm' on page 2 undefined on input line 96.

File: ./fhnw_ht_e_10mm.jpg Graphic file (type jpg)
<use ./fhnw_ht_e_10mm.jpg>
Package pdftex.def Info: ./fhnw_ht_e_10mm.jpg  used on input line 97.
(pdftex.def)             Requested size: 237.91316pt x 22.77951pt.
[2 <./chapters/03.cd/simulated/dirty.png (PNG copy)> <./chapters/03.cd/simulate
d/psf.png (PNG copy)> <./chapters/03.cd/simulated/elasticNet.png>]
Underfull \hbox (badness 2245) in paragraph at lines 101--102
\OT1/phv/m/n/10.95 greedy strat-egy. From all pos-si-ble pix-els, it
 []


Underfull \hbox (badness 1028) in paragraph at lines 101--102
\OT1/phv/m/n/10.95 which re-duces the ob-jec-tive func-tion the most.
 []


Overfull \hbox (69.86061pt too wide) detected at line 115
[] [] [][] \OT1/cmr/m/n/10.95 + \OML/cmm/m/it/10.95 ElasticNet\OT1/cmr/m/n/10.
95 (\OML/cmm/m/it/10.95 x[]\OT1/cmr/m/n/10.95 )
 []

File: ./fhnw_ht_e_10mm.jpg Graphic file (type jpg)
<use ./fhnw_ht_e_10mm.jpg>
Package pdftex.def Info: ./fhnw_ht_e_10mm.jpg  used on input line 133.
(pdftex.def)             Requested size: 237.91316pt x 22.77951pt.
[3]
Underfull \hbox (badness 4467) in paragraph at lines 134--135
[]\OT1/phv/m/n/10.95 An in-ter-est-ing point is that the up-date rule
 []

LaTeX Font Info:    Font shape `OT1/phv/m/n' will be
(Font)              scaled to size 9.19998pt on input line 153.
LaTeX Font Info:    Try loading font information for OMS+phv on input line 158.

("C:\Program Files\MiKTeX 2.9\tex/latex/psnfss\omsphv.fd"
File: omsphv.fd 
)
LaTeX Font Info:    Font shape `OMS/phv/m/n' in size <10> not available
(Font)              Font shape `OMS/cmsy/m/n' tried instead on input line 158.
LaTeX Font Info:    Try loading font information for OML+phv on input line 179.


("C:\Program Files\MiKTeX 2.9\tex/latex/psnfss\omlphv.fd"
File: omlphv.fd 
)
LaTeX Font Info:    Font shape `OML/phv/m/n' in size <10> not available
(Font)              Font shape `OML/cmm/m/it' tried instead on input line 179.
File: ./fhnw_ht_e_10mm.jpg Graphic file (type jpg)
<use ./fhnw_ht_e_10mm.jpg>
Package pdftex.def Info: ./fhnw_ht_e_10mm.jpg  used on input line 189.
(pdftex.def)             Requested size: 237.91316pt x 22.77951pt.
 [4]
<./chapters/03.cd/simulated/psfZeroPadding.png, id=189, 289.08pt x 289.08pt>
File: ./chapters/03.cd/simulated/psfZeroPadding.png Graphic file (type png)
<use ./chapters/03.cd/simulated/psfZeroPadding.png>
Package pdftex.def Info: ./chapters/03.cd/simulated/psfZeroPadding.png  used on
 input line 198.
(pdftex.def)             Requested size: 68.2873pt x 68.28835pt.
<./chapters/03.cd/simulated/psfCircular.png, id=191, 289.08pt x 289.08pt>
File: ./chapters/03.cd/simulated/psfCircular.png Graphic file (type png)
<use ./chapters/03.cd/simulated/psfCircular.png>
Package pdftex.def Info: ./chapters/03.cd/simulated/psfCircular.png  used on in
put line 203.
(pdftex.def)             Requested size: 68.2873pt x 68.28835pt.

Underfull \hbox (badness 1728) in paragraph at lines 207--207
[]\OT1/phv/m/sl/10.95 Figure 3: |Com-par-i-son of the two con-vo-lu-tion
 []

File: ./chapters/03.cd/simulated/psfZeroPadding.png Graphic file (type png)
<use ./chapters/03.cd/simulated/psfZeroPadding.png>
Package pdftex.def Info: ./chapters/03.cd/simulated/psfZeroPadding.png  used on
 input line 226.
(pdftex.def)             Requested size: 68.2873pt x 68.28835pt.

Underfull \hbox (badness 10000) in paragraph at lines 227--227
[]\OT1/phv/m/sl/10 (a) |Shifted
 []

File: ./chapters/03.cd/simulated/psf.png Graphic file (type png)
<use ./chapters/03.cd/simulated/psf.png>
Package pdftex.def Info: ./chapters/03.cd/simulated/psf.png  used on input line
 231.
(pdftex.def)             Requested size: 68.2873pt x 68.28835pt.

Underfull \hbox (badness 10000) in paragraph at lines 232--232
[]\OT1/phv/m/sl/10 (b) |Sum of
 []

File: ./fhnw_ht_e_10mm.jpg Graphic file (type jpg)
<use ./fhnw_ht_e_10mm.jpg>
Package pdftex.def Info: ./fhnw_ht_e_10mm.jpg  used on input line 241.
(pdftex.def)             Requested size: 237.91316pt x 22.77951pt.
[5 <./chapters/03.cd/simulated/psfZeroPadding.png (PNG copy)> <./chapters/03.cd
/simulated/psfCircular.png (PNG copy)>]
Overfull \hbox (57.02536pt too wide) detected at line 269
[]
 []


Underfull \vbox (badness 3930) has occurred while \output is active []

File: ./chapters/03.cd/simulated/dirty.png Graphic file (type png)
<use ./chapters/03.cd/simulated/dirty.png>
Package pdftex.def Info: ./chapters/03.cd/simulated/dirty.png  used on input li
ne 276.
(pdftex.def)             Requested size: 68.2873pt x 68.28835pt.
File: ./chapters/03.cd/simulated/psf.png Graphic file (type png)
<use ./chapters/03.cd/simulated/psf.png>
Package pdftex.def Info: ./chapters/03.cd/simulated/psf.png  used on input line
 281.
(pdftex.def)             Requested size: 68.2873pt x 68.28835pt.
<./chapters/03.cd/simulated/gradients.png, id=214, 289.08pt x 289.08pt>
File: ./chapters/03.cd/simulated/gradients.png Graphic file (type png)
<use ./chapters/03.cd/simulated/gradients.png>
Package pdftex.def Info: ./chapters/03.cd/simulated/gradients.png  used on inpu
t line 286.
(pdftex.def)             Requested size: 68.2873pt x 68.28835pt.

Underfull \hbox (badness 10000) in paragraph at lines 287--287
[]\OT1/phv/m/sl/10 (c) |Gra-di-ent
 []

File: ./chapters/03.cd/simulated/psf.png Graphic file (type png)
<use ./chapters/03.cd/simulated/psf.png>
Package pdftex.def Info: ./chapters/03.cd/simulated/psf.png  used on input line
 303.
(pdftex.def)             Requested size: 68.2873pt x 68.28835pt.
<./chapters/03.cd/simulated/psfSquared.png, id=219, 289.08pt x 289.08pt>
File: ./chapters/03.cd/simulated/psfSquared.png Graphic file (type png)
<use ./chapters/03.cd/simulated/psfSquared.png>
Package pdftex.def Info: ./chapters/03.cd/simulated/psfSquared.png  used on inp
ut line 308.
(pdftex.def)             Requested size: 68.2873pt x 68.28835pt.

Underfull \hbox (badness 1946) in paragraph at lines 309--309
\OT1/phv/m/sl/10 date: $\OT1/cmr/m/n/10 (\OML/cmm/m/it/10 PSF ?
 []


LaTeX Warning: `!h' float specifier changed to `!ht'.

File: ./fhnw_ht_e_10mm.jpg Graphic file (type jpg)
<use ./fhnw_ht_e_10mm.jpg>
Package pdftex.def Info: ./fhnw_ht_e_10mm.jpg  used on input line 319.
(pdftex.def)             Requested size: 237.91316pt x 22.77951pt.
[6 <./chapters/03.cd/simulated/gradients.png (PNG copy)>]

LaTeX Warning: Reference `results' on page 7 undefined on input line 322.


Underfull \hbox (badness 1571) in paragraph at lines 325--326
\OT1/phv/m/n/10.95 se-rial co-or-di-nate de-scent al-go-rithm. We pre-
 []

File: ./fhnw_ht_e_10mm.jpg Graphic file (type jpg)
<use ./fhnw_ht_e_10mm.jpg>
Package pdftex.def Info: ./fhnw_ht_e_10mm.jpg  used on input line 371.
(pdftex.def)             Requested size: 237.91316pt x 22.77951pt.
[7 <./chapters/03.cd/simulated/psfSquared.png (PNG copy)>]
File: ./fhnw_ht_e_10mm.jpg Graphic file (type jpg)
<use ./fhnw_ht_e_10mm.jpg>
Package pdftex.def Info: ./fhnw_ht_e_10mm.jpg  used on input line 433.
(pdftex.def)             Requested size: 237.91316pt x 22.77951pt.
 [8])
(paper-draft.bbl
Underfull \hbox (badness 1931) in paragraph at lines 4--9
|   []   |   []   |   []   |   []\OT1/phv/m/n/10.95 , pages
 []


Underfull \hbox (badness 3417) in paragraph at lines 11--15
\OT1/phv/m/n/10.95 pressed sens-ing for wide-field ra-dio in-ter-
 []


Underfull \hbox (badness 5756) in paragraph at lines 11--15
\OT1/phv/m/n/10.95 fer-o-met-ric imag-ing.  |   []   |   []   |   []
 []


Underfull \hbox (badness 2521) in paragraph at lines 23--26
[]\OT1/phv/m/n/10.95 Yu Nes-terov.  Gra-di-ent meth-ods for min-
 []


Underfull \hbox (badness 1668) in paragraph at lines 23--26
\OT1/phv/m/n/10.95 i-miz-ing com-pos-ite func-tions.  |   []
 []

)
File: ./fhnw_ht_e_10mm.jpg Graphic file (type jpg)
<use ./fhnw_ht_e_10mm.jpg>
Package pdftex.def Info: ./fhnw_ht_e_10mm.jpg  used on input line 168.
(pdftex.def)             Requested size: 237.91316pt x 22.77951pt.
 [9] 
AED: lastpage setting LastPage
Package atveryend Info: Empty hook `BeforeClearDocument' on input line 179.
Package atveryend Info: Empty hook `AfterLastShipout' on input line 179.
(paper-draft.aux)
Package atveryend Info: Executing hook `AtVeryEndDocument' on input line 179.
Package atveryend Info: Executing hook `AtEndAfterFileList' on input line 179.
Package rerunfilecheck Info: File `paper-draft.out' has not changed.
(rerunfilecheck)             Checksum: 476801C8872418270DF09828D092D59B;1315.


LaTeX Warning: There were undefined references.

Package atveryend Info: Empty hook `AtVeryVeryEnd' on input line 179.
 ) 
Here is how much of TeX's memory you used:
 13061 strings out of 492895
 187308 string characters out of 3133485
 592040 words of memory out of 3000000
 16573 multiletter control sequences out of 15000+200000
 45581 words of font info for 113 fonts, out of 3000000 for 9000
 1141 hyphenation exceptions out of 8191
 42i,16n,43p,954b,1576s stack positions out of 5000i,500n,10000p,200000b,50000s
pdfTeX warning (dest): name{Hfootnote.1} has been referenced but does not exi
st, replaced by a fixed one

{C:/Program Files/MiKTeX 2.9/fonts/enc/dvips/base/8r.enc}<C:/Program Files/MiKT
eX 2.9/fonts/type1/public/amsfonts/cm/cmex10.pfb><C:/Program Files/MiKTeX 2.9/f
onts/type1/public/amsfonts/cm/cmmi10.pfb><C:/Program Files/MiKTeX 2.9/fonts/typ
e1/public/amsfonts/cm/cmmi6.pfb><C:/Program Files/MiKTeX 2.9/fonts/type1/public
/amsfonts/cm/cmmi8.pfb><C:/Program Files/MiKTeX 2.9/fonts/type1/public/amsfonts
/cm/cmr10.pfb><C:/Program Files/MiKTeX 2.9/fonts/type1/public/amsfonts/cm/cmr8.
pfb><C:/Program Files/MiKTeX 2.9/fonts/type1/public/amsfonts/cm/cmsy10.pfb><C:/
Program Files/MiKTeX 2.9/fonts/type1/public/amsfonts/cm/cmsy8.pfb><C:/Program F
iles/MiKTeX 2.9/fonts/type1/public/amsfonts/cm/cmtt10.pfb><C:/Program Files/MiK
TeX 2.9/fonts/type1/urw/helvetic/uhvb8a.pfb><C:/Program Files/MiKTeX 2.9/fonts/
type1/urw/helvetic/uhvr8a.pfb><C:/Program Files/MiKTeX 2.9/fonts/type1/urw/helv
etic/uhvro8a.pfb>
Output written on paper-draft.pdf (10 pages, 1036419 bytes).
PDF statistics:
 398 PDF objects out of 1000 (max. 8388607)
 146 named destinations out of 1000 (max. 500000)
 251 words of extra memory for PDF output out of 10000 (max. 10000000)

